<?xml version="1.0" encoding="UTF-8"?>
<testsuite xmlns:xsi="http://www.w3.org/2001/XMLSchema-instance" xsi:noNamespaceSchemaLocation="https://maven.apache.org/surefire/maven-surefire-plugin/xsd/surefire-test-report.xsd" name="TestSuite" time="26.379" tests="3" errors="0" skipped="0" failures="0">
  <properties>
[...]
</properties>
  <testcase name="runScenario" classname="testrunner.TestRunner" time="8.57"/>
  <testcase name="runScenario" classname="testrunner.TestRunner" time="7.001"/>
  <testcase name="runScenario" classname="testrunner.TestRunner" time="7.526"/>
</testsuite>