<?xml version="1.0" encoding="UTF-8"?>
<testng-results ignored="0" total="3" passed="3" failed="0" skipped="0">
  <reporter-output>
  </reporter-output>
  <suite started-at="2022-08-12T17:35:11 IST" name="Suite" finished-at="2022-08-12T17:35:42 IST" duration-ms="31150">
    <groups>
      <group name="cucumber">
        <method signature="AbstractTestNGCucumberTests.runScenario(io.cucumber.testng.PickleWrapper,io.cucumber.testng.FeatureWrapper)[pri:0, instance:testrunner.TestRunner@23e44287]" name="runScenario" class="io.cucumber.testng.AbstractTestNGCucumberTests"/>
      </group> <!-- cucumber -->
    </groups>
    <test started-at="2022-08-12T17:35:11 IST" name="Test" finished-at="2022-08-12T17:35:42 IST" duration-ms="31150">
      <class name="testrunner.TestRunner">
        <test-method is-config="true" signature="setUpClass(org.testng.ITestContext)[pri:0, instance:testrunner.TestRunner@23e44287]" started-at="2022-08-12T17:35:11 IST" name="setUpClass" finished-at="2022-08-12T17:35:14 IST" duration-ms="2542" status="PASS">
          <params>
            <param index="0">
              <value>
                <![CDATA[org.testng.TestRunner@2d1ef2fc]]>
              </value>
            </param>
          </params>
          <reporter-output>
          </reporter-output>
        </test-method> <!-- setUpClass -->
        <test-method is-config="true" signature="beforeClass()[pri:0, instance:testrunner.TestRunner@23e44287]" started-at="2022-08-12T17:35:14 IST" name="beforeClass" finished-at="2022-08-12T17:35:14 IST" duration-ms="3" status="PASS">
          <reporter-output>
          </reporter-output>
        </test-method> <!-- beforeClass -->
        <test-method signature="runScenario(io.cucumber.testng.PickleWrapper,io.cucumber.testng.FeatureWrapper)[pri:0, instance:testrunner.TestRunner@23e44287]" started-at="2022-08-12T17:35:14 IST" name="runScenario" description="Runs Cucumber Scenarios" data-provider="scenarios" finished-at="2022-08-12T17:35:26 IST" duration-ms="12086" status="PASS">
          <params>
            <param index="0">
              <value>
                <![CDATA["the user wants to verify the functionality of the URL."]]>
              </value>
            </param>
            <param index="1">
              <value>
                <![CDATA["to verify the functionality of the application."]]>
              </value>
            </param>
          </params>
          <reporter-output>
          </reporter-output>
        </test-method> <!-- runScenario -->
        <test-method signature="runScenario(io.cucumber.testng.PickleWrapper,io.cucumber.testng.FeatureWrapper)[pri:0, instance:testrunner.TestRunner@23e44287]" started-at="2022-08-12T17:35:26 IST" name="runScenario" description="Runs Cucumber Scenarios" data-provider="scenarios" finished-at="2022-08-12T17:35:34 IST" duration-ms="8173" status="PASS">
          <params>
            <param index="0">
              <value>
                <![CDATA["user wants to verify the functionality for positive data"]]>
              </value>
            </param>
            <param index="1">
              <value>
                <![CDATA["verify the search functionality of Google"]]>
              </value>
            </param>
          </params>
          <reporter-output>
          </reporter-output>
        </test-method> <!-- runScenario -->
        <test-method signature="runScenario(io.cucumber.testng.PickleWrapper,io.cucumber.testng.FeatureWrapper)[pri:0, instance:testrunner.TestRunner@23e44287]" started-at="2022-08-12T17:35:34 IST" name="runScenario" description="Runs Cucumber Scenarios" data-provider="scenarios" finished-at="2022-08-12T17:35:42 IST" duration-ms="7945" status="PASS">
          <params>
            <param index="0">
              <value>
                <![CDATA["user wants to verify the functionality for positive data"]]>
              </value>
            </param>
            <param index="1">
              <value>
                <![CDATA["verify the search functionality of Google"]]>
              </value>
            </param>
          </params>
          <reporter-output>
          </reporter-output>
        </test-method> <!-- runScenario -->
        <test-method is-config="true" signature="afterClass()[pri:0, instance:testrunner.TestRunner@23e44287]" started-at="2022-08-12T17:35:42 IST" name="afterClass" finished-at="2022-08-12T17:35:42 IST" duration-ms="2" status="PASS">
          <reporter-output>
          </reporter-output>
        </test-method> <!-- afterClass -->
        <test-method is-config="true" signature="tearDownClass()[pri:0, instance:testrunner.TestRunner@23e44287]" started-at="2022-08-12T17:35:42 IST" name="tearDownClass" finished-at="2022-08-12T17:35:42 IST" duration-ms="71" status="PASS">
          <reporter-output>
          </reporter-output>
        </test-method> <!-- tearDownClass -->
      </class> <!-- testrunner.TestRunner -->
    </test> <!-- Test -->
  </suite> <!-- Suite -->
</testng-results>
